# JRE version: OpenJDK Runtime Environment (11.0.2+9) (build 11.0.2+9)
# Java VM: OpenJDK 64-Bit Server VM (11.0.2+9, mixed mode, tiered, compressed oops, g1 gc, windows-amd64)
Heap:
 garbage-first heap   total 262144K, used 81302K [0x00000000e0000000, 0x0000000100000000)
  region size 1024K, 68 young (69632K), 19 survivors (19456K)
 Metaspace       used 57866K, capacity 59475K, committed 59776K, reserved 307200K
  class space    used 7622K, capacity 8198K, committed 8320K, reserved 253952K
GC Heap History (10 events):
Event: 4.097 GC heap before
{Heap before GC invocations=3 (full 0):
 garbage-first heap   total 262144K, used 54959K [0x00000000e0000000, 0x0000000100000000)
  region size 1024K, 45 young (46080K), 4 survivors (4096K)
 Metaspace       used 18789K, capacity 19268K, committed 19328K, reserved 272384K
  class space    used 2270K, capacity 2392K, committed 2432K, reserved 253952K
}
Event: 4.105 GC heap after
{Heap after GC invocations=4 (full 0):
 garbage-first heap   total 262144K, used 16146K [0x00000000e0000000, 0x0000000100000000)
  region size 1024K, 3 young (3072K), 3 survivors (3072K)
 Metaspace       used 18789K, capacity 19268K, committed 19328K, reserved 272384K
  class space    used 2270K, capacity 2392K, committed 2432K, reserved 253952K
}
Event: 4.415 GC heap before
{Heap before GC invocations=4 (full 0):
 garbage-first heap   total 262144K, used 28434K [0x00000000e0000000, 0x0000000100000000)
  region size 1024K, 17 young (17408K), 3 survivors (3072K)
 Metaspace       used 20581K, capacity 21102K, committed 21248K, reserved 272384K
  class space    used 2525K, capacity 2710K, committed 2816K, reserved 253952K
}
Event: 4.422 GC heap after
{Heap after GC invocations=5 (full 0):
 garbage-first heap   total 262144K, used 16656K [0x00000000e0000000, 0x0000000100000000)
  region size 1024K, 4 young (4096K), 4 survivors (4096K)
 Metaspace       used 20581K, capacity 21102K, committed 21248K, reserved 272384K
  class space    used 2525K, capacity 2710K, committed 2816K, reserved 253952K
}
Event: 6.139 GC heap before
{Heap before GC invocations=6 (full 0):
 garbage-first heap   total 262144K, used 74000K [0x00000000e0000000, 0x0000000100000000)
  region size 1024K, 60 young (61440K), 4 survivors (4096K)
 Metaspace       used 26729K, capacity 27371K, committed 27648K, reserved 278528K
  class space    used 3509K, capacity 3720K, committed 3840K, reserved 253952K
}
Event: 6.149 GC heap after
{Heap after GC invocations=7 (full 0):
 garbage-first heap   total 262144K, used 18753K [0x00000000e0000000, 0x0000000100000000)
  region size 1024K, 6 young (6144K), 6 survivors (6144K)
 Metaspace       used 26729K, capacity 27371K, committed 27648K, reserved 278528K
  class space    used 3509K, capacity 3720K, committed 3840K, reserved 253952K
}
Event: 7.475 GC heap before
{Heap before GC invocations=7 (full 0):
 garbage-first heap   total 262144K, used 64833K [0x00000000e0000000, 0x0000000100000000)
  region size 1024K, 52 young (53248K), 6 survivors (6144K)
 Metaspace       used 35078K, capacity 35822K, committed 35840K, reserved 286720K
  class space    used 4556K, capacity 4856K, committed 4864K, reserved 253952K
}
Event: 7.485 GC heap after
{Heap after GC invocations=8 (full 0):
 garbage-first heap   total 262144K, used 22443K [0x00000000e0000000, 0x0000000100000000)
  region size 1024K, 9 young (9216K), 9 survivors (9216K)
 Metaspace       used 35078K, capacity 35822K, committed 35840K, reserved 286720K
  class space    used 4556K, capacity 4856K, committed 4864K, reserved 253952K
}
Event: 12.054 GC heap before
{Heap before GC invocations=9 (full 0):
 garbage-first heap   total 262144K, used 172971K [0x00000000e0000000, 0x0000000100000000)
  region size 1024K, 153 young (156672K), 9 survivors (9216K)
 Metaspace       used 48165K, capacity 49485K, committed 49536K, reserved 296960K
  class space    used 6330K, capacity 6753K, committed 6784K, reserved 253952K
}
Event: 12.128 GC heap after
{Heap after GC invocations=10 (full 0):
 garbage-first heap   total 262144K, used 32150K [0x00000000e0000000, 0x0000000100000000)
  region size 1024K, 19 young (19456K), 19 survivors (19456K)
 Metaspace       used 48165K, capacity 49485K, committed 49536K, reserved 296960K
  class space    used 6330K, capacity 6753K, committed 6784K, reserved 253952K
}

